2016-28-07 15:28:11.728 INFO  edu.uci.ics.crawler4j.url.TLDList - Obtained 6791 TLD from packaged file tld-names.txt
2016-28-07 15:28:11.752 INFO  edu.uci.ics.crawler4j.crawler.CrawlController - Deleted contents of: C:\Users\Sachin\workspace\SEOBOX\temp\frontier ( as you have configured resumable crawling to false )
2016-28-07 15:28:11.966 INFO  edu.uci.ics.crawler4j.crawler.CrawlController - Crawler 1 started
2016-28-07 15:28:11.966 INFO  edu.uci.ics.crawler4j.crawler.CrawlController - Crawler 2 started
2016-28-07 15:28:11.966 INFO  edu.uci.ics.crawler4j.crawler.CrawlController - Crawler 3 started
2016-28-07 15:28:11.966 INFO  edu.uci.ics.crawler4j.crawler.CrawlController - Crawler 4 started
2016-28-07 15:28:11.966 INFO  edu.uci.ics.crawler4j.crawler.CrawlController - Crawler 5 started
2016-28-07 15:28:11.967 INFO  edu.uci.ics.crawler4j.crawler.CrawlController - Crawler 6 started
2016-28-07 15:28:11.967 INFO  edu.uci.ics.crawler4j.crawler.CrawlController - Crawler 7 started
2016-28-07 15:28:11.967 INFO  edu.uci.ics.crawler4j.crawler.CrawlController - Crawler 8 started
2016-28-07 15:28:11.968 INFO  edu.uci.ics.crawler4j.crawler.CrawlController - Crawler 9 started
2016-28-07 15:28:11.968 INFO  edu.uci.ics.crawler4j.crawler.CrawlController - Crawler 10 started
2016-28-07 15:28:11.969 INFO  edu.uci.ics.crawler4j.crawler.CrawlController - Crawler 11 started
2016-28-07 15:28:11.969 INFO  edu.uci.ics.crawler4j.crawler.CrawlController - Crawler 12 started
2016-28-07 15:28:11.969 INFO  edu.uci.ics.crawler4j.crawler.CrawlController - Crawler 13 started
2016-28-07 15:28:11.969 INFO  edu.uci.ics.crawler4j.crawler.CrawlController - Crawler 14 started
2016-28-07 15:28:11.970 INFO  edu.uci.ics.crawler4j.crawler.CrawlController - Crawler 15 started
2016-28-07 15:28:11.971 INFO  edu.uci.ics.crawler4j.crawler.CrawlController - Crawler 16 started
2016-28-07 15:28:11.972 INFO  edu.uci.ics.crawler4j.crawler.CrawlController - Crawler 17 started
2016-28-07 15:28:11.972 INFO  edu.uci.ics.crawler4j.crawler.CrawlController - Crawler 18 started
2016-28-07 15:28:11.973 INFO  edu.uci.ics.crawler4j.crawler.CrawlController - Crawler 19 started
2016-28-07 15:28:11.973 INFO  edu.uci.ics.crawler4j.crawler.CrawlController - Crawler 20 started
2016-28-07 15:28:11.973 INFO  edu.uci.ics.crawler4j.crawler.CrawlController - Crawler 21 started
2016-28-07 15:28:11.974 INFO  edu.uci.ics.crawler4j.crawler.CrawlController - Crawler 22 started
2016-28-07 15:28:11.975 INFO  edu.uci.ics.crawler4j.crawler.CrawlController - Crawler 23 started
2016-28-07 15:28:11.975 INFO  edu.uci.ics.crawler4j.crawler.CrawlController - Crawler 24 started
2016-28-07 15:28:11.977 INFO  edu.uci.ics.crawler4j.crawler.CrawlController - Crawler 25 started
2016-28-07 15:28:11.977 INFO  edu.uci.ics.crawler4j.crawler.CrawlController - Crawler 26 started
2016-28-07 15:28:11.978 INFO  edu.uci.ics.crawler4j.crawler.CrawlController - Crawler 27 started
2016-28-07 15:28:11.979 INFO  edu.uci.ics.crawler4j.crawler.CrawlController - Crawler 28 started
2016-28-07 15:28:11.979 INFO  edu.uci.ics.crawler4j.crawler.CrawlController - Crawler 29 started
2016-28-07 15:28:11.980 INFO  edu.uci.ics.crawler4j.crawler.CrawlController - Crawler 30 started
2016-28-07 15:28:17.543 WARN  edu.uci.ics.crawler4j.crawler.WebCrawler - Skipping URL: http://www.dove.com/content/dove/th_th/home.html, StatusCode: 404, text/html, Not Found
2016-28-07 15:28:20.380 WARN  edu.uci.ics.crawler4j.crawler.WebCrawler - Skipping URL: http://www.dove.com/content/dove/pt_br/home/search.html, StatusCode: 404, text/html; charset=iso-8859-1, Not Found
2016-28-07 15:28:53.964 INFO  edu.uci.ics.crawler4j.url.TLDList - Obtained 6791 TLD from packaged file tld-names.txt
2016-28-07 15:28:53.987 INFO  edu.uci.ics.crawler4j.crawler.CrawlController - Deleted contents of: C:\Users\Sachin\workspace\SEOBOX\temp\frontier ( as you have configured resumable crawling to false )
2016-28-07 15:28:54.207 INFO  edu.uci.ics.crawler4j.crawler.CrawlController - Crawler 1 started
2016-28-07 15:28:54.207 INFO  edu.uci.ics.crawler4j.crawler.CrawlController - Crawler 2 started
2016-28-07 15:28:54.207 INFO  edu.uci.ics.crawler4j.crawler.CrawlController - Crawler 3 started
2016-28-07 15:28:54.208 INFO  edu.uci.ics.crawler4j.crawler.CrawlController - Crawler 4 started
2016-28-07 15:28:54.209 INFO  edu.uci.ics.crawler4j.crawler.CrawlController - Crawler 5 started
2016-28-07 15:28:54.209 INFO  edu.uci.ics.crawler4j.crawler.CrawlController - Crawler 6 started
2016-28-07 15:28:54.210 INFO  edu.uci.ics.crawler4j.crawler.CrawlController - Crawler 7 started
2016-28-07 15:28:54.210 INFO  edu.uci.ics.crawler4j.crawler.CrawlController - Crawler 8 started
2016-28-07 15:28:54.210 INFO  edu.uci.ics.crawler4j.crawler.CrawlController - Crawler 9 started
2016-28-07 15:28:54.211 INFO  edu.uci.ics.crawler4j.crawler.CrawlController - Crawler 10 started
2016-28-07 15:28:54.211 INFO  edu.uci.ics.crawler4j.crawler.CrawlController - Crawler 11 started
2016-28-07 15:28:54.212 INFO  edu.uci.ics.crawler4j.crawler.CrawlController - Crawler 12 started
2016-28-07 15:28:54.213 INFO  edu.uci.ics.crawler4j.crawler.CrawlController - Crawler 13 started
2016-28-07 15:28:54.214 INFO  edu.uci.ics.crawler4j.crawler.CrawlController - Crawler 14 started
2016-28-07 15:28:54.214 INFO  edu.uci.ics.crawler4j.crawler.CrawlController - Crawler 15 started
2016-28-07 15:28:54.215 INFO  edu.uci.ics.crawler4j.crawler.CrawlController - Crawler 16 started
2016-28-07 15:28:54.215 INFO  edu.uci.ics.crawler4j.crawler.CrawlController - Crawler 17 started
2016-28-07 15:28:54.215 INFO  edu.uci.ics.crawler4j.crawler.CrawlController - Crawler 18 started
2016-28-07 15:28:54.216 INFO  edu.uci.ics.crawler4j.crawler.CrawlController - Crawler 19 started
2016-28-07 15:28:54.216 INFO  edu.uci.ics.crawler4j.crawler.CrawlController - Crawler 20 started
2016-28-07 15:28:54.216 INFO  edu.uci.ics.crawler4j.crawler.CrawlController - Crawler 21 started
2016-28-07 15:28:54.217 INFO  edu.uci.ics.crawler4j.crawler.CrawlController - Crawler 22 started
2016-28-07 15:28:54.217 INFO  edu.uci.ics.crawler4j.crawler.CrawlController - Crawler 23 started
2016-28-07 15:28:54.218 INFO  edu.uci.ics.crawler4j.crawler.CrawlController - Crawler 24 started
2016-28-07 15:28:54.220 INFO  edu.uci.ics.crawler4j.crawler.CrawlController - Crawler 25 started
2016-28-07 15:28:54.220 INFO  edu.uci.ics.crawler4j.crawler.CrawlController - Crawler 26 started
2016-28-07 15:28:54.222 INFO  edu.uci.ics.crawler4j.crawler.CrawlController - Crawler 27 started
2016-28-07 15:28:54.224 INFO  edu.uci.ics.crawler4j.crawler.CrawlController - Crawler 28 started
2016-28-07 15:28:54.224 INFO  edu.uci.ics.crawler4j.crawler.CrawlController - Crawler 29 started
2016-28-07 15:28:54.228 INFO  edu.uci.ics.crawler4j.crawler.CrawlController - Crawler 30 started
2016-29-07 15:29:07.865 WARN  edu.uci.ics.crawler4j.crawler.WebCrawler - Unhandled exception while fetching http://jhgjgjhg/uk/: jhgjgjhg
2016-29-07 15:29:07.865 INFO  edu.uci.ics.crawler4j.crawler.WebCrawler - Stacktrace: 
java.net.UnknownHostException: jhgjgjhg
	at java.net.Inet6AddressImpl.lookupAllHostAddr(Native Method) ~[?:1.8.0_91]
	at java.net.InetAddress$2.lookupAllHostAddr(InetAddress.java:928) ~[?:1.8.0_91]
	at java.net.InetAddress.getAddressesFromNameService(InetAddress.java:1323) ~[?:1.8.0_91]
	at java.net.InetAddress.getAllByName0(InetAddress.java:1276) ~[?:1.8.0_91]
	at java.net.InetAddress.getAllByName(InetAddress.java:1192) ~[?:1.8.0_91]
	at java.net.InetAddress.getAllByName(InetAddress.java:1126) ~[?:1.8.0_91]
	at org.apache.http.impl.conn.SystemDefaultDnsResolver.resolve(SystemDefaultDnsResolver.java:45) ~[httpclient-4.5.2.jar:4.5.2]
	at org.apache.http.impl.conn.DefaultHttpClientConnectionOperator.connect(DefaultHttpClientConnectionOperator.java:111) ~[httpclient-4.5.2.jar:4.5.2]
	at org.apache.http.impl.conn.PoolingHttpClientConnectionManager.connect(PoolingHttpClientConnectionManager.java:353) ~[httpclient-4.5.2.jar:4.5.2]
	at org.apache.http.impl.execchain.MainClientExec.establishRoute(MainClientExec.java:380) ~[httpclient-4.5.2.jar:4.5.2]
	at org.apache.http.impl.execchain.MainClientExec.execute(MainClientExec.java:236) ~[httpclient-4.5.2.jar:4.5.2]
	at org.apache.http.impl.execchain.ProtocolExec.execute(ProtocolExec.java:184) ~[httpclient-4.5.2.jar:4.5.2]
	at org.apache.http.impl.execchain.RetryExec.execute(RetryExec.java:88) ~[httpclient-4.5.2.jar:4.5.2]
	at org.apache.http.impl.execchain.RedirectExec.execute(RedirectExec.java:110) ~[httpclient-4.5.2.jar:4.5.2]
	at org.apache.http.impl.client.InternalHttpClient.doExecute(InternalHttpClient.java:184) ~[httpclient-4.5.2.jar:4.5.2]
	at org.apache.http.impl.client.CloseableHttpClient.execute(CloseableHttpClient.java:82) ~[httpclient-4.5.2.jar:4.5.2]
	at org.apache.http.impl.client.CloseableHttpClient.execute(CloseableHttpClient.java:107) ~[httpclient-4.5.2.jar:4.5.2]
	at edu.uci.ics.crawler4j.fetcher.PageFetcher.fetchPage(PageFetcher.java:241) ~[classes/:?]
	at edu.uci.ics.crawler4j.crawler.WebCrawler.processPage(WebCrawler.java:351) [classes/:?]
	at edu.uci.ics.crawler4j.crawler.WebCrawler.run(WebCrawler.java:305) [classes/:?]
	at java.lang.Thread.run(Thread.java:745) [?:1.8.0_91]
2016-29-07 15:29:14.235 INFO  edu.uci.ics.crawler4j.crawler.CrawlController - It looks like no thread is working, waiting for 5 seconds to make sure...
2016-29-07 15:29:19.246 INFO  edu.uci.ics.crawler4j.crawler.CrawlController - No thread is working and no more URLs are in queue waiting for another 5 seconds to make sure...
2016-29-07 15:29:24.247 INFO  edu.uci.ics.crawler4j.crawler.CrawlController - All of the crawlers are stopped. Finishing the process...
2016-29-07 15:29:24.247 INFO  edu.uci.ics.crawler4j.crawler.CrawlController - Waiting for 10 seconds before final clean up...
2016-29-07 15:29:36.847 ERROR sachin.seobox.seo.LinkLevel - error in reading URLs from sitemap xml
java.net.UnknownHostException: jhgjgjhg
	at java.net.Inet6AddressImpl.lookupAllHostAddr(Native Method) ~[?:1.8.0_91]
	at java.net.InetAddress$2.lookupAllHostAddr(InetAddress.java:928) ~[?:1.8.0_91]
	at java.net.InetAddress.getAddressesFromNameService(InetAddress.java:1323) ~[?:1.8.0_91]
	at java.net.InetAddress.getAllByName0(InetAddress.java:1276) ~[?:1.8.0_91]
	at java.net.InetAddress.getAllByName(InetAddress.java:1192) ~[?:1.8.0_91]
	at java.net.InetAddress.getAllByName(InetAddress.java:1126) ~[?:1.8.0_91]
	at org.apache.http.impl.conn.SystemDefaultDnsResolver.resolve(SystemDefaultDnsResolver.java:45) ~[httpclient-4.5.2.jar:4.5.2]
	at org.apache.http.impl.conn.DefaultHttpClientConnectionOperator.connect(DefaultHttpClientConnectionOperator.java:111) ~[httpclient-4.5.2.jar:4.5.2]
	at org.apache.http.impl.conn.PoolingHttpClientConnectionManager.connect(PoolingHttpClientConnectionManager.java:353) ~[httpclient-4.5.2.jar:4.5.2]
	at org.apache.http.impl.execchain.MainClientExec.establishRoute(MainClientExec.java:380) ~[httpclient-4.5.2.jar:4.5.2]
	at org.apache.http.impl.execchain.MainClientExec.execute(MainClientExec.java:236) ~[httpclient-4.5.2.jar:4.5.2]
	at org.apache.http.impl.execchain.ProtocolExec.execute(ProtocolExec.java:184) ~[httpclient-4.5.2.jar:4.5.2]
	at org.apache.http.impl.execchain.RetryExec.execute(RetryExec.java:88) ~[httpclient-4.5.2.jar:4.5.2]
	at org.apache.http.impl.execchain.RedirectExec.execute(RedirectExec.java:110) ~[httpclient-4.5.2.jar:4.5.2]
	at org.apache.http.impl.client.InternalHttpClient.doExecute(InternalHttpClient.java:184) ~[httpclient-4.5.2.jar:4.5.2]
	at org.apache.http.impl.client.CloseableHttpClient.execute(CloseableHttpClient.java:82) ~[httpclient-4.5.2.jar:4.5.2]
	at org.apache.http.impl.client.CloseableHttpClient.execute(CloseableHttpClient.java:55) ~[httpclient-4.5.2.jar:4.5.2]
	at org.apache.http.client.fluent.Request.internalExecute(Request.java:173) ~[fluent-hc-4.5.2.jar:4.5.2]
	at org.apache.http.client.fluent.Request.execute(Request.java:177) ~[fluent-hc-4.5.2.jar:4.5.2]
	at sachin.seobox.helpers.SiteMapUtils.getSiteMapXMLResponse(SiteMapUtils.java:45) ~[classes/:?]
	at sachin.seobox.helpers.SiteMapUtils.getLocURLsWithAltUrlsFromSitemapXML(SiteMapUtils.java:101) ~[classes/:?]
	at sachin.seobox.seo.LinkLevel.missingLinksInSitemapXML(LinkLevel.java:284) [classes/:?]
	at sun.reflect.NativeMethodAccessorImpl.invoke0(Native Method) ~[?:1.8.0_91]
	at sun.reflect.NativeMethodAccessorImpl.invoke(NativeMethodAccessorImpl.java:62) ~[?:1.8.0_91]
	at sun.reflect.DelegatingMethodAccessorImpl.invoke(DelegatingMethodAccessorImpl.java:43) ~[?:1.8.0_91]
	at java.lang.reflect.Method.invoke(Method.java:498) ~[?:1.8.0_91]
	at org.testng.internal.MethodInvocationHelper.invokeMethod(MethodInvocationHelper.java:86) [testng-6.9.10.jar:?]
	at org.testng.internal.Invoker.invokeMethod(Invoker.java:643) [testng-6.9.10.jar:?]
	at org.testng.internal.Invoker.invokeTestMethod(Invoker.java:820) [testng-6.9.10.jar:?]
	at org.testng.internal.Invoker.invokeTestMethods(Invoker.java:1128) [testng-6.9.10.jar:?]
	at org.testng.internal.TestMethodWorker.invokeTestMethods(TestMethodWorker.java:129) [testng-6.9.10.jar:?]
	at org.testng.internal.TestMethodWorker.run(TestMethodWorker.java:112) [testng-6.9.10.jar:?]
	at org.testng.TestRunner.privateRun(TestRunner.java:782) [testng-6.9.10.jar:?]
	at org.testng.TestRunner.run(TestRunner.java:632) [testng-6.9.10.jar:?]
	at org.testng.SuiteRunner.runTest(SuiteRunner.java:366) [testng-6.9.10.jar:?]
	at org.testng.SuiteRunner.runSequentially(SuiteRunner.java:361) [testng-6.9.10.jar:?]
	at org.testng.SuiteRunner.privateRun(SuiteRunner.java:319) [testng-6.9.10.jar:?]
	at org.testng.SuiteRunner.run(SuiteRunner.java:268) [testng-6.9.10.jar:?]
	at org.testng.SuiteRunnerWorker.runSuite(SuiteRunnerWorker.java:52) [testng-6.9.10.jar:?]
	at org.testng.SuiteRunnerWorker.run(SuiteRunnerWorker.java:86) [testng-6.9.10.jar:?]
	at org.testng.TestNG.runSuitesSequentially(TestNG.java:1244) [testng-6.9.10.jar:?]
	at org.testng.TestNG.runSuitesLocally(TestNG.java:1169) [testng-6.9.10.jar:?]
	at org.testng.TestNG.run(TestNG.java:1064) [testng-6.9.10.jar:?]
	at sachin.seobox.common.EntryPoint.main(EntryPoint.java:30) [classes/:?]
